<?xml version="1.0" encoding="UTF-8"?>
<testsuite xmlns:xsi="http://www.w3.org/2001/XMLSchema-instance" xsi:noNamespaceSchemaLocation="https://maven.apache.org/surefire/maven-surefire-plugin/xsd/surefire-test-report-3.0.xsd" version="3.0" name="ua.deti.ies.AppTest" time="0.01" tests="1" errors="0" skipped="0" failures="0">
  <properties>
    <property name="java.specification.version" value="17"/>
    <property name="sun.jnu.encoding" value="UTF-8"/>
    <property name="java.class.path" value="/home/lili/IES/IES_108713/lab1/target/test-classes:/home/lili/IES/IES_108713/lab1/target/classes:/home/lili/.m2/repository/junit/junit/3.8.1/junit-3.8.1.jar:/home/lili/.m2/repository/com/squareup/retrofit2/retrofit/2.3.0/retrofit-2.3.0.jar:/home/lili/.m2/repository/com/squareup/okhttp3/okhttp/3.8.0/okhttp-3.8.0.jar:/home/lili/.m2/repository/com/squareup/okio/okio/1.13.0/okio-1.13.0.jar:/home/lili/.m2/repository/com/squareup/retrofit2/converter-gson/2.3.0/converter-gson-2.3.0.jar:/home/lili/.m2/repository/com/google/code/gson/gson/2.7/gson-2.7.jar:"/>
    <property name="java.vm.vendor" value="Private Build"/>
    <property name="sun.arch.data.model" value="64"/>
    <property name="java.vendor.url" value="Unknown"/>
    <property name="user.country.format" value="PT"/>
    <property name="os.name" value="Linux"/>
    <property name="java.vm.specification.version" value="17"/>
    <property name="sun.java.launcher" value="SUN_STANDARD"/>
    <property name="user.country" value="US"/>
    <property name="sun.boot.library.path" value="/usr/lib/jvm/java-17-openjdk-amd64/lib"/>
    <property name="sun.java.command" value="/home/lili/IES/IES_108713/lab1/target/surefire/surefirebooter-20230921170310813_3.jar /home/lili/IES/IES_108713/lab1/target/surefire 2023-09-21T17-03-10_758-jvmRun1 surefire-20230921170310813_1tmp surefire_0-20230921170310813_2tmp"/>
    <property name="jdk.debug" value="release"/>
    <property name="surefire.test.class.path" value="/home/lili/IES/IES_108713/lab1/target/test-classes:/home/lili/IES/IES_108713/lab1/target/classes:/home/lili/.m2/repository/junit/junit/3.8.1/junit-3.8.1.jar:/home/lili/.m2/repository/com/squareup/retrofit2/retrofit/2.3.0/retrofit-2.3.0.jar:/home/lili/.m2/repository/com/squareup/okhttp3/okhttp/3.8.0/okhttp-3.8.0.jar:/home/lili/.m2/repository/com/squareup/okio/okio/1.13.0/okio-1.13.0.jar:/home/lili/.m2/repository/com/squareup/retrofit2/converter-gson/2.3.0/converter-gson-2.3.0.jar:/home/lili/.m2/repository/com/google/code/gson/gson/2.7/gson-2.7.jar:"/>
    <property name="sun.cpu.endian" value="little"/>
    <property name="user.home" value="/home/lili"/>
    <property name="user.language" value="en"/>
    <property name="java.specification.vendor" value="Oracle Corporation"/>
    <property name="java.version.date" value="2023-08-24"/>
    <property name="java.home" value="/usr/lib/jvm/java-17-openjdk-amd64"/>
    <property name="file.separator" value="/"/>
    <property name="basedir" value="/home/lili/IES/IES_108713/lab1"/>
    <property name="java.vm.compressedOopsMode" value="Zero based"/>
    <property name="line.separator" value="&#10;"/>
    <property name="java.specification.name" value="Java Platform API Specification"/>
    <property name="java.vm.specification.vendor" value="Oracle Corporation"/>
    <property name="surefire.real.class.path" value="/home/lili/IES/IES_108713/lab1/target/surefire/surefirebooter-20230921170310813_3.jar"/>
    <property name="sun.management.compiler" value="HotSpot 64-Bit Tiered Compilers"/>
    <property name="java.runtime.version" value="17.0.8.1+1-Ubuntu-0ubuntu122.04"/>
    <property name="user.name" value="lili"/>
    <property name="path.separator" value=":"/>
    <property name="os.version" value="6.2.0-32-generic"/>
    <property name="java.runtime.name" value="OpenJDK Runtime Environment"/>
    <property name="file.encoding" value="UTF-8"/>
    <property name="java.vm.name" value="OpenJDK 64-Bit Server VM"/>
    <property name="localRepository" value="/home/lili/.m2/repository"/>
    <property name="java.vendor.url.bug" value="Unknown"/>
    <property name="java.io.tmpdir" value="/tmp"/>
    <property name="java.version" value="17.0.8.1"/>
    <property name="user.dir" value="/home/lili/IES/IES_108713/lab1"/>
    <property name="os.arch" value="amd64"/>
    <property name="java.vm.specification.name" value="Java Virtual Machine Specification"/>
    <property name="user.language.format" value="pt"/>
    <property name="native.encoding" value="UTF-8"/>
    <property name="java.library.path" value="/usr/java/packages/lib:/usr/lib/x86_64-linux-gnu/jni:/lib/x86_64-linux-gnu:/usr/lib/x86_64-linux-gnu:/usr/lib/jni:/lib:/usr/lib"/>
    <property name="java.vm.info" value="mixed mode, sharing"/>
    <property name="java.vendor" value="Private Build"/>
    <property name="java.vm.version" value="17.0.8.1+1-Ubuntu-0ubuntu122.04"/>
    <property name="sun.io.unicode.encoding" value="UnicodeLittle"/>
    <property name="java.class.version" value="61.0"/>
  </properties>
  <testcase name="testApp" classname="ua.deti.ies.AppTest" time="0.0"/>
</testsuite>